# JRE version: Java(TM) SE Runtime Environment (8.0_91-b14) (build 1.8.0_91-b14)
# Java VM: Java HotSpot(TM) 64-Bit Server VM (25.91-b14 mixed mode windows-amd64 compressed oops)
Heap:
 PSYoungGen      total 59904K, used 55444K [0x00000000e0000000, 0x00000000e5e00000, 0x0000000100000000)
  eden space 49664K, 97% used [0x00000000e0000000,0x00000000e2f2bea8,0x00000000e3080000)
  from space 10240K, 69% used [0x00000000e3080000,0x00000000e3779550,0x00000000e3a80000)
  to   space 10240K, 0% used [0x00000000e5400000,0x00000000e5400000,0x00000000e5e00000)
 ParOldGen       total 62976K, used 9205K [0x00000000a0000000, 0x00000000a3d80000, 0x00000000e0000000)
  object space 62976K, 14% used [0x00000000a0000000,0x00000000a08fd6d0,0x00000000a3d80000)
 Metaspace       used 32885K, capacity 33558K, committed 33664K, reserved 1079296K
  class space    used 4520K, capacity 4709K, committed 4736K, reserved 1048576K
GC Heap History (10 events):
Event: 9.090 GC heap before
{Heap before GC invocations=4 (full 0):
 PSYoungGen      total 38400K, used 27476K [0x00000000e0000000, 0x00000000e2a80000, 0x0000000100000000)
  eden space 33280K, 67% used [0x00000000e0000000,0x00000000e15dc400,0x00000000e2080000)
  from space 5120K, 99% used [0x00000000e2080000,0x00000000e2578e70,0x00000000e2580000)
  to   space 5120K, 0% used [0x00000000e2580000,0x00000000e2580000,0x00000000e2a80000)
 ParOldGen       total 87552K, used 3531K [0x00000000a0000000, 0x00000000a5580000, 0x00000000e0000000)
  object space 87552K, 4% used [0x00000000a0000000,0x00000000a0372e28,0x00000000a5580000)
 Metaspace       used 20752K, capacity 21198K, committed 21248K, reserved 1067008K
  class space    used 2864K, capacity 3040K, committed 3072K, reserved 1048576K
Event: 9.107 GC heap after
Heap after GC invocations=4 (full 0):
 PSYoungGen      total 38400K, used 5104K [0x00000000e0000000, 0x00000000e4b00000, 0x0000000100000000)
  eden space 33280K, 0% used [0x00000000e0000000,0x00000000e0000000,0x00000000e2080000)
  from space 5120K, 99% used [0x00000000e2580000,0x00000000e2a7c030,0x00000000e2a80000)
  to   space 5120K, 0% used [0x00000000e2080000,0x00000000e2080000,0x00000000e2580000)
 ParOldGen       total 87552K, used 7746K [0x00000000a0000000, 0x00000000a5580000, 0x00000000e0000000)
  object space 87552K, 8% used [0x00000000a0000000,0x00000000a0790958,0x00000000a5580000)
 Metaspace       used 20752K, capacity 21198K, committed 21248K, reserved 1067008K
  class space    used 2864K, capacity 3040K, committed 3072K, reserved 1048576K
}
Event: 9.107 GC heap before
{Heap before GC invocations=5 (full 1):
 PSYoungGen      total 38400K, used 5104K [0x00000000e0000000, 0x00000000e4b00000, 0x0000000100000000)
  eden space 33280K, 0% used [0x00000000e0000000,0x00000000e0000000,0x00000000e2080000)
  from space 5120K, 99% used [0x00000000e2580000,0x00000000e2a7c030,0x00000000e2a80000)
  to   space 5120K, 0% used [0x00000000e2080000,0x00000000e2080000,0x00000000e2580000)
 ParOldGen       total 87552K, used 7746K [0x00000000a0000000, 0x00000000a5580000, 0x00000000e0000000)
  object space 87552K, 8% used [0x00000000a0000000,0x00000000a0790958,0x00000000a5580000)
 Metaspace       used 20752K, capacity 21198K, committed 21248K, reserved 1067008K
  class space    used 2864K, capacity 3040K, committed 3072K, reserved 1048576K
Event: 9.217 GC heap after
Heap after GC invocations=5 (full 1):
 PSYoungGen      total 38400K, used 0K [0x00000000e0000000, 0x00000000e4b00000, 0x0000000100000000)
  eden space 33280K, 0% used [0x00000000e0000000,0x00000000e0000000,0x00000000e2080000)
  from space 5120K, 0% used [0x00000000e2580000,0x00000000e2580000,0x00000000e2a80000)
  to   space 5120K, 0% used [0x00000000e2080000,0x00000000e2080000,0x00000000e2580000)
 ParOldGen       total 62976K, used 9181K [0x00000000a0000000, 0x00000000a3d80000, 0x00000000e0000000)
  object space 62976K, 14% used [0x00000000a0000000,0x00000000a08f76d0,0x00000000a3d80000)
 Metaspace       used 20752K, capacity 21198K, committed 21248K, reserved 1067008K
  class space    used 2864K, capacity 3040K, committed 3072K, reserved 1048576K
}
Event: 9.778 GC heap before
{Heap before GC invocations=6 (full 1):
 PSYoungGen      total 38400K, used 33280K [0x00000000e0000000, 0x00000000e4b00000, 0x0000000100000000)
  eden space 33280K, 100% used [0x00000000e0000000,0x00000000e2080000,0x00000000e2080000)
  from space 5120K, 0% used [0x00000000e2580000,0x00000000e2580000,0x00000000e2a80000)
  to   space 5120K, 0% used [0x00000000e2080000,0x00000000e2080000,0x00000000e2580000)
 ParOldGen       total 62976K, used 9181K [0x00000000a0000000, 0x00000000a3d80000, 0x00000000e0000000)
  object space 62976K, 14% used [0x00000000a0000000,0x00000000a08f76d0,0x00000000a3d80000)
 Metaspace       used 23654K, capacity 24080K, committed 24192K, reserved 1071104K
  class space    used 3259K, capacity 3401K, committed 3456K, reserved 1048576K
Event: 9.782 GC heap after
Heap after GC invocations=6 (full 1):
 PSYoungGen      total 38400K, used 3542K [0x00000000e0000000, 0x00000000e4700000, 0x0000000100000000)
  eden space 33280K, 0% used [0x00000000e0000000,0x00000000e0000000,0x00000000e2080000)
  from space 5120K, 69% used [0x00000000e2080000,0x00000000e23f5a48,0x00000000e2580000)
  to   space 11264K, 0% used [0x00000000e3c00000,0x00000000e3c00000,0x00000000e4700000)
 ParOldGen       total 62976K, used 9189K [0x00000000a0000000, 0x00000000a3d80000, 0x00000000e0000000)
  object space 62976K, 14% used [0x00000000a0000000,0x00000000a08f96d0,0x00000000a3d80000)
 Metaspace       used 23654K, capacity 24080K, committed 24192K, reserved 1071104K
  class space    used 3259K, capacity 3401K, committed 3456K, reserved 1048576K
}
Event: 10.738 GC heap before
{Heap before GC invocations=7 (full 1):
 PSYoungGen      total 38400K, used 36822K [0x00000000e0000000, 0x00000000e4700000, 0x0000000100000000)
  eden space 33280K, 100% used [0x00000000e0000000,0x00000000e2080000,0x00000000e2080000)
  from space 5120K, 69% used [0x00000000e2080000,0x00000000e23f5a48,0x00000000e2580000)
  to   space 11264K, 0% used [0x00000000e3c00000,0x00000000e3c00000,0x00000000e4700000)
 ParOldGen       total 62976K, used 9189K [0x00000000a0000000, 0x00000000a3d80000, 0x00000000e0000000)
  object space 62976K, 14% used [0x00000000a0000000,0x00000000a08f96d0,0x00000000a3d80000)
 Metaspace       used 26415K, capacity 26980K, committed 27264K, reserved 1073152K
  class space    used 3729K, capacity 3910K, committed 3968K, reserved 1048576K
Event: 10.747 GC heap after
Heap after GC invocations=7 (full 1):
 PSYoungGen      total 58368K, used 6167K [0x00000000e0000000, 0x00000000e4480000, 0x0000000100000000)
  eden space 49664K, 0% used [0x00000000e0000000,0x00000000e0000000,0x00000000e3080000)
  from space 8704K, 70% used [0x00000000e3c00000,0x00000000e4205e88,0x00000000e4480000)
  to   space 10240K, 0% used [0x00000000e3080000,0x00000000e3080000,0x00000000e3a80000)
 ParOldGen       total 62976K, used 9197K [0x00000000a0000000, 0x00000000a3d80000, 0x00000000e0000000)
  object space 62976K, 14% used [0x00000000a0000000,0x00000000a08fb6d0,0x00000000a3d80000)
 Metaspace       used 26415K, capacity 26980K, committed 27264K, reserved 1073152K
  class space    used 3729K, capacity 3910K, committed 3968K, reserved 1048576K
}
Event: 11.536 GC heap before
{Heap before GC invocations=8 (full 1):
 PSYoungGen      total 58368K, used 55831K [0x00000000e0000000, 0x00000000e4480000, 0x0000000100000000)
  eden space 49664K, 100% used [0x00000000e0000000,0x00000000e3080000,0x00000000e3080000)
  from space 8704K, 70% used [0x00000000e3c00000,0x00000000e4205e88,0x00000000e4480000)
  to   space 10240K, 0% used [0x00000000e3080000,0x00000000e3080000,0x00000000e3a80000)
 ParOldGen       total 62976K, used 9197K [0x00000000a0000000, 0x00000000a3d80000, 0x00000000e0000000)
  object space 62976K, 14% used [0x00000000a0000000,0x00000000a08fb6d0,0x00000000a3d80000)
 Metaspace       used 29594K, capacity 30160K, committed 30208K, reserved 1075200K
  class space    used 4147K, capacity 4306K, committed 4352K, reserved 1048576K
Event: 11.550 GC heap after
Heap after GC invocations=8 (full 1):
 PSYoungGen      total 59904K, used 7141K [0x00000000e0000000, 0x00000000e5e00000, 0x0000000100000000)
  eden space 49664K, 0% used [0x00000000e0000000,0x00000000e0000000,0x00000000e3080000)
  from space 10240K, 69% used [0x00000000e3080000,0x00000000e3779550,0x00000000e3a80000)
  to   space 10240K, 0% used [0x00000000e5400000,0x00000000e5400000,0x00000000e5e00000)
 ParOldGen       total 62976K, used 9205K [0x00000000a0000000, 0x00000000a3d80000, 0x00000000e0000000)
  object space 62976K, 14% used [0x00000000a0000000,0x00000000a08fd6d0,0x00000000a3d80000)
 Metaspace       used 29594K, capacity 30160K, committed 30208K, reserved 1075200K
  class space    used 4147K, capacity 4306K, committed 4352K, reserved 1048576K
}

